<?xml version="1.0" encoding="UTF-8"?>
<testsuite name="BigTest" tests="1" skipped="0" failures="0" errors="0" timestamp="2019-12-28T00:51:09" hostname="DESKTOP-5Q0VJJ4" time="0.005">
  <properties/>
  <testcase name="draw" classname="BigTest" time="0.005"/>
  <system-out><![CDATA[]]></system-out>
  <system-err><![CDATA[]]></system-err>
</testsuite>
